2023-08-08T13:54:06+00:00 CRITICAL Uncaught Error: Call to undefined function WPEmerge\bootstrap() in C:\xampp\htdocs\WP\wordpress\wp-content\plugins\teste-coffee-code\custom-product-list.php:13
Stack trace:
#0 C:\xampp\htdocs\WP\wordpress\wp-admin\includes\plugin.php(2314): include_once()
#1 C:\xampp\htdocs\WP\wordpress\wp-admin\includes\plugin.php(661): plugin_sandbox_scrape('teste-coffee-co...')
#2 C:\xampp\htdocs\WP\wordpress\wp-admin\plugins.php(58): activate_plugin('teste-coffee-co...', 'http://localhos...', false)
#3 {main}
  thrown, em C:\xampp\htdocs\WP\wordpress\wp-content\plugins\teste-coffee-code\custom-product-list.php, na linha 13

2023-08-08T13:54:13+00:00 CRITICAL Uncaught Error: Call to undefined function WPEmerge\bootstrap() in C:\xampp\htdocs\WP\wordpress\wp-content\plugins\teste-coffee-code\custom-product-list.php:13
Stack trace:
#0 C:\xampp\htdocs\WP\wordpress\wp-admin\includes\plugin.php(2314): include_once()
#1 C:\xampp\htdocs\WP\wordpress\wp-admin\plugins.php(192): plugin_sandbox_scrape('teste-coffee-co...')
#2 {main}
  thrown, em C:\xampp\htdocs\WP\wordpress\wp-content\plugins\teste-coffee-code\custom-product-list.php, na linha 13

2023-08-08T13:54:14+00:00 CRITICAL Uncaught Error: Call to undefined function WPEmerge\bootstrap() in C:\xampp\htdocs\WP\wordpress\wp-content\plugins\teste-coffee-code\custom-product-list.php:13
Stack trace:
#0 C:\xampp\htdocs\WP\wordpress\wp-admin\includes\plugin.php(2314): include_once()
#1 C:\xampp\htdocs\WP\wordpress\wp-admin\plugins.php(192): plugin_sandbox_scrape('teste-coffee-co...')
#2 {main}
  thrown, em C:\xampp\htdocs\WP\wordpress\wp-content\plugins\teste-coffee-code\custom-product-list.php, na linha 13

2023-08-08T21:35:01+00:00 CRITICAL Uncaught Error: Class "WPEmerge\Plugin" not found in C:\xampp\htdocs\WP\wordpress\wp-content\plugins\custom-product-route-plugin\custom-product-route-plugin.php:18
Stack trace:
#0 C:\xampp\htdocs\WP\wordpress\wp-includes\class-wp-hook.php(310): {closure}('')
#1 C:\xampp\htdocs\WP\wordpress\wp-includes\class-wp-hook.php(334): WP_Hook->apply_filters(NULL, Array)
#2 C:\xampp\htdocs\WP\wordpress\wp-includes\plugin.php(517): WP_Hook->do_action(Array)
#3 C:\xampp\htdocs\WP\wordpress\wp-settings.php(632): do_action('init')
#4 C:\xampp\htdocs\WP\wordpress\wp-config.php(99): require_once('C:\\xampp\\htdocs...')
#5 C:\xampp\htdocs\WP\wordpress\wp-load.php(50): require_once('C:\\xampp\\htdocs...')
#6 C:\xampp\htdocs\WP\wordpress\wp-admin\admin.php(34): require_once('C:\\xampp\\htdocs...')
#7 C:\xampp\htdocs\WP\wordpress\wp-admin\plugins.php(10): require_once('C:\\xampp\\htdocs...')
#8 {main}
  thrown, em C:\xampp\htdocs\WP\wordpress\wp-content\plugins\custom-product-route-plugin\custom-product-route-plugin.php, na linha 18

2023-08-08T21:44:39+00:00 CRITICAL Uncaught Error: Class "WPEmerge\Plugin" not found in C:\xampp\htdocs\WP\wordpress\wp-content\plugins\custom-product-route-plugin\custom-product-route-plugin.php:18
Stack trace:
#0 C:\xampp\htdocs\WP\wordpress\wp-includes\class-wp-hook.php(310): {closure}('')
#1 C:\xampp\htdocs\WP\wordpress\wp-includes\class-wp-hook.php(334): WP_Hook->apply_filters(NULL, Array)
#2 C:\xampp\htdocs\WP\wordpress\wp-includes\plugin.php(517): WP_Hook->do_action(Array)
#3 C:\xampp\htdocs\WP\wordpress\wp-settings.php(632): do_action('init')
#4 C:\xampp\htdocs\WP\wordpress\wp-config.php(99): require_once('C:\\xampp\\htdocs...')
#5 C:\xampp\htdocs\WP\wordpress\wp-load.php(50): require_once('C:\\xampp\\htdocs...')
#6 C:\xampp\htdocs\WP\wordpress\wp-admin\admin.php(34): require_once('C:\\xampp\\htdocs...')
#7 C:\xampp\htdocs\WP\wordpress\wp-admin\plugins.php(10): require_once('C:\\xampp\\htdocs...')
#8 {main}
  thrown, em C:\xampp\htdocs\WP\wordpress\wp-content\plugins\custom-product-route-plugin\custom-product-route-plugin.php, na linha 18

2023-08-08T21:46:05+00:00 CRITICAL Uncaught Error: Class "WPEmerge\Plugin" not found in C:\xampp\htdocs\WP\wordpress\wp-content\plugins\custom-product-route-plugin\custom-product-route-plugin.php:18
Stack trace:
#0 C:\xampp\htdocs\WP\wordpress\wp-includes\class-wp-hook.php(310): {closure}('')
#1 C:\xampp\htdocs\WP\wordpress\wp-includes\class-wp-hook.php(334): WP_Hook->apply_filters(NULL, Array)
#2 C:\xampp\htdocs\WP\wordpress\wp-includes\plugin.php(517): WP_Hook->do_action(Array)
#3 C:\xampp\htdocs\WP\wordpress\wp-settings.php(632): do_action('init')
#4 C:\xampp\htdocs\WP\wordpress\wp-config.php(99): require_once('C:\\xampp\\htdocs...')
#5 C:\xampp\htdocs\WP\wordpress\wp-load.php(50): require_once('C:\\xampp\\htdocs...')
#6 C:\xampp\htdocs\WP\wordpress\wp-admin\admin.php(34): require_once('C:\\xampp\\htdocs...')
#7 C:\xampp\htdocs\WP\wordpress\wp-admin\about.php(10): require_once('C:\\xampp\\htdocs...')
#8 {main}
  thrown, em C:\xampp\htdocs\WP\wordpress\wp-content\plugins\custom-product-route-plugin\custom-product-route-plugin.php, na linha 18

2023-08-08T21:46:09+00:00 CRITICAL Uncaught Error: Class "WPEmerge\Plugin" not found in C:\xampp\htdocs\WP\wordpress\wp-content\plugins\custom-product-route-plugin\custom-product-route-plugin.php:18
Stack trace:
#0 C:\xampp\htdocs\WP\wordpress\wp-includes\class-wp-hook.php(310): {closure}('')
#1 C:\xampp\htdocs\WP\wordpress\wp-includes\class-wp-hook.php(334): WP_Hook->apply_filters(NULL, Array)
#2 C:\xampp\htdocs\WP\wordpress\wp-includes\plugin.php(517): WP_Hook->do_action(Array)
#3 C:\xampp\htdocs\WP\wordpress\wp-settings.php(632): do_action('init')
#4 C:\xampp\htdocs\WP\wordpress\wp-config.php(99): require_once('C:\\xampp\\htdocs...')
#5 C:\xampp\htdocs\WP\wordpress\wp-load.php(50): require_once('C:\\xampp\\htdocs...')
#6 C:\xampp\htdocs\WP\wordpress\wp-blog-header.php(13): require_once('C:\\xampp\\htdocs...')
#7 C:\xampp\htdocs\WP\wordpress\index.php(17): require('C:\\xampp\\htdocs...')
#8 {main}
  thrown, em C:\xampp\htdocs\WP\wordpress\wp-content\plugins\custom-product-route-plugin\custom-product-route-plugin.php, na linha 18

2023-08-08T21:46:09+00:00 CRITICAL Uncaught Error: Class "WPEmerge\Plugin" not found in C:\xampp\htdocs\WP\wordpress\wp-content\plugins\custom-product-route-plugin\custom-product-route-plugin.php:18
Stack trace:
#0 C:\xampp\htdocs\WP\wordpress\wp-includes\class-wp-hook.php(310): {closure}('')
#1 C:\xampp\htdocs\WP\wordpress\wp-includes\class-wp-hook.php(334): WP_Hook->apply_filters(NULL, Array)
#2 C:\xampp\htdocs\WP\wordpress\wp-includes\plugin.php(517): WP_Hook->do_action(Array)
#3 C:\xampp\htdocs\WP\wordpress\wp-settings.php(632): do_action('init')
#4 C:\xampp\htdocs\WP\wordpress\wp-config.php(99): require_once('C:\\xampp\\htdocs...')
#5 C:\xampp\htdocs\WP\wordpress\wp-load.php(50): require_once('C:\\xampp\\htdocs...')
#6 C:\xampp\htdocs\WP\wordpress\wp-blog-header.php(13): require_once('C:\\xampp\\htdocs...')
#7 C:\xampp\htdocs\WP\wordpress\index.php(17): require('C:\\xampp\\htdocs...')
#8 {main}
  thrown, em C:\xampp\htdocs\WP\wordpress\wp-content\plugins\custom-product-route-plugin\custom-product-route-plugin.php, na linha 18

2023-08-08T21:46:14+00:00 CRITICAL Uncaught Error: Class "WPEmerge\Plugin" not found in C:\xampp\htdocs\WP\wordpress\wp-content\plugins\custom-product-route-plugin\custom-product-route-plugin.php:18
Stack trace:
#0 C:\xampp\htdocs\WP\wordpress\wp-includes\class-wp-hook.php(310): {closure}('')
#1 C:\xampp\htdocs\WP\wordpress\wp-includes\class-wp-hook.php(334): WP_Hook->apply_filters(NULL, Array)
#2 C:\xampp\htdocs\WP\wordpress\wp-includes\plugin.php(517): WP_Hook->do_action(Array)
#3 C:\xampp\htdocs\WP\wordpress\wp-settings.php(632): do_action('init')
#4 C:\xampp\htdocs\WP\wordpress\wp-config.php(99): require_once('C:\\xampp\\htdocs...')
#5 C:\xampp\htdocs\WP\wordpress\wp-load.php(50): require_once('C:\\xampp\\htdocs...')
#6 C:\xampp\htdocs\WP\wordpress\wp-admin\admin.php(34): require_once('C:\\xampp\\htdocs...')
#7 C:\xampp\htdocs\WP\wordpress\wp-admin\plugins.php(10): require_once('C:\\xampp\\htdocs...')
#8 {main}
  thrown, em C:\xampp\htdocs\WP\wordpress\wp-content\plugins\custom-product-route-plugin\custom-product-route-plugin.php, na linha 18

2023-08-08T21:46:21+00:00 CRITICAL Uncaught Error: Class "WPEmerge\Plugin" not found in C:\xampp\htdocs\WP\wordpress\wp-content\plugins\custom-product-route-plugin\custom-product-route-plugin.php:18
Stack trace:
#0 C:\xampp\htdocs\WP\wordpress\wp-includes\class-wp-hook.php(310): {closure}('')
#1 C:\xampp\htdocs\WP\wordpress\wp-includes\class-wp-hook.php(334): WP_Hook->apply_filters(NULL, Array)
#2 C:\xampp\htdocs\WP\wordpress\wp-includes\plugin.php(517): WP_Hook->do_action(Array)
#3 C:\xampp\htdocs\WP\wordpress\wp-settings.php(632): do_action('init')
#4 C:\xampp\htdocs\WP\wordpress\wp-config.php(99): require_once('C:\\xampp\\htdocs...')
#5 C:\xampp\htdocs\WP\wordpress\wp-load.php(50): require_once('C:\\xampp\\htdocs...')
#6 C:\xampp\htdocs\WP\wordpress\wp-admin\admin.php(34): require_once('C:\\xampp\\htdocs...')
#7 C:\xampp\htdocs\WP\wordpress\wp-admin\plugins.php(10): require_once('C:\\xampp\\htdocs...')
#8 {main}
  thrown, em C:\xampp\htdocs\WP\wordpress\wp-content\plugins\custom-product-route-plugin\custom-product-route-plugin.php, na linha 18

