2023-08-09T00:12:01+00:00 CRITICAL Uncaught Error: Class "WPEmerge\Plugin" not found in C:\xampp\htdocs\WP\wordpress\wp-content\plugins\custom-product-route-plugin\custom-product-route-plugin.php:18
Stack trace:
#0 C:\xampp\htdocs\WP\wordpress\wp-includes\class-wp-hook.php(310): {closure}('')
#1 C:\xampp\htdocs\WP\wordpress\wp-includes\class-wp-hook.php(334): WP_Hook->apply_filters(NULL, Array)
#2 C:\xampp\htdocs\WP\wordpress\wp-includes\plugin.php(517): WP_Hook->do_action(Array)
#3 C:\xampp\htdocs\WP\wordpress\wp-settings.php(632): do_action('init')
#4 C:\xampp\htdocs\WP\wordpress\wp-config.php(99): require_once('C:\\xampp\\htdocs...')
#5 C:\xampp\htdocs\WP\wordpress\wp-load.php(50): require_once('C:\\xampp\\htdocs...')
#6 C:\xampp\htdocs\WP\wordpress\wp-blog-header.php(13): require_once('C:\\xampp\\htdocs...')
#7 C:\xampp\htdocs\WP\wordpress\index.php(17): require('C:\\xampp\\htdocs...')
#8 {main}
  thrown, em C:\xampp\htdocs\WP\wordpress\wp-content\plugins\custom-product-route-plugin\custom-product-route-plugin.php, na linha 18

2023-08-09T00:12:01+00:00 CRITICAL Uncaught Error: Class "WPEmerge\Plugin" not found in C:\xampp\htdocs\WP\wordpress\wp-content\plugins\custom-product-route-plugin\custom-product-route-plugin.php:18
Stack trace:
#0 C:\xampp\htdocs\WP\wordpress\wp-includes\class-wp-hook.php(310): {closure}('')
#1 C:\xampp\htdocs\WP\wordpress\wp-includes\class-wp-hook.php(334): WP_Hook->apply_filters(NULL, Array)
#2 C:\xampp\htdocs\WP\wordpress\wp-includes\plugin.php(517): WP_Hook->do_action(Array)
#3 C:\xampp\htdocs\WP\wordpress\wp-settings.php(632): do_action('init')
#4 C:\xampp\htdocs\WP\wordpress\wp-config.php(99): require_once('C:\\xampp\\htdocs...')
#5 C:\xampp\htdocs\WP\wordpress\wp-load.php(50): require_once('C:\\xampp\\htdocs...')
#6 C:\xampp\htdocs\WP\wordpress\wp-blog-header.php(13): require_once('C:\\xampp\\htdocs...')
#7 C:\xampp\htdocs\WP\wordpress\index.php(17): require('C:\\xampp\\htdocs...')
#8 {main}
  thrown, em C:\xampp\htdocs\WP\wordpress\wp-content\plugins\custom-product-route-plugin\custom-product-route-plugin.php, na linha 18

2023-08-09T00:12:44+00:00 CRITICAL Uncaught Error: Class "WPEmerge\Plugin" not found in C:\xampp\htdocs\WP\wordpress\wp-content\plugins\custom-product-route-plugin\custom-product-route-plugin.php:18
Stack trace:
#0 C:\xampp\htdocs\WP\wordpress\wp-includes\class-wp-hook.php(310): {closure}('')
#1 C:\xampp\htdocs\WP\wordpress\wp-includes\class-wp-hook.php(334): WP_Hook->apply_filters(NULL, Array)
#2 C:\xampp\htdocs\WP\wordpress\wp-includes\plugin.php(517): WP_Hook->do_action(Array)
#3 C:\xampp\htdocs\WP\wordpress\wp-settings.php(632): do_action('init')
#4 C:\xampp\htdocs\WP\wordpress\wp-config.php(99): require_once('C:\\xampp\\htdocs...')
#5 C:\xampp\htdocs\WP\wordpress\wp-load.php(50): require_once('C:\\xampp\\htdocs...')
#6 C:\xampp\htdocs\WP\wordpress\wp-admin\admin.php(34): require_once('C:\\xampp\\htdocs...')
#7 C:\xampp\htdocs\WP\wordpress\wp-admin\plugins.php(10): require_once('C:\\xampp\\htdocs...')
#8 {main}
  thrown, em C:\xampp\htdocs\WP\wordpress\wp-content\plugins\custom-product-route-plugin\custom-product-route-plugin.php, na linha 18

2023-08-09T00:14:16+00:00 CRITICAL Uncaught Error: Class "WPEmerge\Plugin" not found in C:\xampp\htdocs\WP\wordpress\wp-content\plugins\custom-product-route-plugin\custom-product-route-plugin.php:18
Stack trace:
#0 C:\xampp\htdocs\WP\wordpress\wp-includes\class-wp-hook.php(310): {closure}('')
#1 C:\xampp\htdocs\WP\wordpress\wp-includes\class-wp-hook.php(334): WP_Hook->apply_filters(NULL, Array)
#2 C:\xampp\htdocs\WP\wordpress\wp-includes\plugin.php(517): WP_Hook->do_action(Array)
#3 C:\xampp\htdocs\WP\wordpress\wp-settings.php(632): do_action('init')
#4 C:\xampp\htdocs\WP\wordpress\wp-config.php(99): require_once('C:\\xampp\\htdocs...')
#5 C:\xampp\htdocs\WP\wordpress\wp-load.php(50): require_once('C:\\xampp\\htdocs...')
#6 C:\xampp\htdocs\WP\wordpress\wp-admin\admin.php(34): require_once('C:\\xampp\\htdocs...')
#7 C:\xampp\htdocs\WP\wordpress\wp-admin\plugins.php(10): require_once('C:\\xampp\\htdocs...')
#8 {main}
  thrown, em C:\xampp\htdocs\WP\wordpress\wp-content\plugins\custom-product-route-plugin\custom-product-route-plugin.php, na linha 18

2023-08-09T10:10:26+00:00 CRITICAL Uncaught Error: Class "WPEmerge\Plugin" not found in C:\xampp\htdocs\WP\wordpress\wp-content\plugins\teste-coffee-code\custom-product-route-plugin.php:18
Stack trace:
#0 C:\xampp\htdocs\WP\wordpress\wp-includes\class-wp-hook.php(310): {closure}('')
#1 C:\xampp\htdocs\WP\wordpress\wp-includes\class-wp-hook.php(334): WP_Hook->apply_filters(NULL, Array)
#2 C:\xampp\htdocs\WP\wordpress\wp-includes\plugin.php(517): WP_Hook->do_action(Array)
#3 C:\xampp\htdocs\WP\wordpress\wp-settings.php(632): do_action('init')
#4 C:\xampp\htdocs\WP\wordpress\wp-config.php(99): require_once('C:\\xampp\\htdocs...')
#5 C:\xampp\htdocs\WP\wordpress\wp-load.php(50): require_once('C:\\xampp\\htdocs...')
#6 C:\xampp\htdocs\WP\wordpress\wp-admin\admin.php(34): require_once('C:\\xampp\\htdocs...')
#7 C:\xampp\htdocs\WP\wordpress\wp-admin\plugins.php(10): require_once('C:\\xampp\\htdocs...')
#8 {main}
  thrown, em C:\xampp\htdocs\WP\wordpress\wp-content\plugins\teste-coffee-code\custom-product-route-plugin.php, na linha 18

2023-08-09T10:19:26+00:00 CRITICAL Uncaught Error: Class "WPEmerge\Plugin" not found in C:\xampp\htdocs\WP\wordpress\wp-content\plugins\teste-coffee-code\custom-product-route-plugin.php:18
Stack trace:
#0 C:\xampp\htdocs\WP\wordpress\wp-includes\class-wp-hook.php(310): {closure}('')
#1 C:\xampp\htdocs\WP\wordpress\wp-includes\class-wp-hook.php(334): WP_Hook->apply_filters(NULL, Array)
#2 C:\xampp\htdocs\WP\wordpress\wp-includes\plugin.php(517): WP_Hook->do_action(Array)
#3 C:\xampp\htdocs\WP\wordpress\wp-settings.php(632): do_action('init')
#4 C:\xampp\htdocs\WP\wordpress\wp-config.php(99): require_once('C:\\xampp\\htdocs...')
#5 C:\xampp\htdocs\WP\wordpress\wp-load.php(50): require_once('C:\\xampp\\htdocs...')
#6 C:\xampp\htdocs\WP\wordpress\wp-admin\admin.php(34): require_once('C:\\xampp\\htdocs...')
#7 C:\xampp\htdocs\WP\wordpress\wp-admin\plugins.php(10): require_once('C:\\xampp\\htdocs...')
#8 {main}
  thrown, em C:\xampp\htdocs\WP\wordpress\wp-content\plugins\teste-coffee-code\custom-product-route-plugin.php, na linha 18

2023-08-09T10:19:51+00:00 CRITICAL Uncaught Error: Class "WPEmerge\Plugin" not found in C:\xampp\htdocs\WP\wordpress\wp-content\plugins\teste-coffee-code\custom-product-route-plugin.php:18
Stack trace:
#0 C:\xampp\htdocs\WP\wordpress\wp-includes\class-wp-hook.php(310): {closure}('')
#1 C:\xampp\htdocs\WP\wordpress\wp-includes\class-wp-hook.php(334): WP_Hook->apply_filters(NULL, Array)
#2 C:\xampp\htdocs\WP\wordpress\wp-includes\plugin.php(517): WP_Hook->do_action(Array)
#3 C:\xampp\htdocs\WP\wordpress\wp-settings.php(632): do_action('init')
#4 C:\xampp\htdocs\WP\wordpress\wp-config.php(99): require_once('C:\\xampp\\htdocs...')
#5 C:\xampp\htdocs\WP\wordpress\wp-load.php(50): require_once('C:\\xampp\\htdocs...')
#6 C:\xampp\htdocs\WP\wordpress\wp-blog-header.php(13): require_once('C:\\xampp\\htdocs...')
#7 C:\xampp\htdocs\WP\wordpress\index.php(17): require('C:\\xampp\\htdocs...')
#8 {main}
  thrown, em C:\xampp\htdocs\WP\wordpress\wp-content\plugins\teste-coffee-code\custom-product-route-plugin.php, na linha 18

2023-08-09T10:19:51+00:00 CRITICAL Uncaught Error: Class "WPEmerge\Plugin" not found in C:\xampp\htdocs\WP\wordpress\wp-content\plugins\teste-coffee-code\custom-product-route-plugin.php:18
Stack trace:
#0 C:\xampp\htdocs\WP\wordpress\wp-includes\class-wp-hook.php(310): {closure}('')
#1 C:\xampp\htdocs\WP\wordpress\wp-includes\class-wp-hook.php(334): WP_Hook->apply_filters(NULL, Array)
#2 C:\xampp\htdocs\WP\wordpress\wp-includes\plugin.php(517): WP_Hook->do_action(Array)
#3 C:\xampp\htdocs\WP\wordpress\wp-settings.php(632): do_action('init')
#4 C:\xampp\htdocs\WP\wordpress\wp-config.php(99): require_once('C:\\xampp\\htdocs...')
#5 C:\xampp\htdocs\WP\wordpress\wp-load.php(50): require_once('C:\\xampp\\htdocs...')
#6 C:\xampp\htdocs\WP\wordpress\wp-blog-header.php(13): require_once('C:\\xampp\\htdocs...')
#7 C:\xampp\htdocs\WP\wordpress\index.php(17): require('C:\\xampp\\htdocs...')
#8 {main}
  thrown, em C:\xampp\htdocs\WP\wordpress\wp-content\plugins\teste-coffee-code\custom-product-route-plugin.php, na linha 18

2023-08-09T10:19:56+00:00 CRITICAL Uncaught Error: Class "WPEmerge\Plugin" not found in C:\xampp\htdocs\WP\wordpress\wp-content\plugins\teste-coffee-code\custom-product-route-plugin.php:18
Stack trace:
#0 C:\xampp\htdocs\WP\wordpress\wp-includes\class-wp-hook.php(310): {closure}('')
#1 C:\xampp\htdocs\WP\wordpress\wp-includes\class-wp-hook.php(334): WP_Hook->apply_filters(NULL, Array)
#2 C:\xampp\htdocs\WP\wordpress\wp-includes\plugin.php(517): WP_Hook->do_action(Array)
#3 C:\xampp\htdocs\WP\wordpress\wp-settings.php(632): do_action('init')
#4 C:\xampp\htdocs\WP\wordpress\wp-config.php(99): require_once('C:\\xampp\\htdocs...')
#5 C:\xampp\htdocs\WP\wordpress\wp-load.php(50): require_once('C:\\xampp\\htdocs...')
#6 C:\xampp\htdocs\WP\wordpress\wp-admin\admin.php(34): require_once('C:\\xampp\\htdocs...')
#7 C:\xampp\htdocs\WP\wordpress\wp-admin\plugins.php(10): require_once('C:\\xampp\\htdocs...')
#8 {main}
  thrown, em C:\xampp\htdocs\WP\wordpress\wp-content\plugins\teste-coffee-code\custom-product-route-plugin.php, na linha 18

2023-08-09T10:20:12+00:00 CRITICAL Uncaught Error: Class "WPEmerge\Plugin" not found in C:\xampp\htdocs\WP\wordpress\wp-content\plugins\teste-coffee-code\custom-product-route-plugin.php:18
Stack trace:
#0 C:\xampp\htdocs\WP\wordpress\wp-includes\class-wp-hook.php(310): {closure}('')
#1 C:\xampp\htdocs\WP\wordpress\wp-includes\class-wp-hook.php(334): WP_Hook->apply_filters(NULL, Array)
#2 C:\xampp\htdocs\WP\wordpress\wp-includes\plugin.php(517): WP_Hook->do_action(Array)
#3 C:\xampp\htdocs\WP\wordpress\wp-settings.php(632): do_action('init')
#4 C:\xampp\htdocs\WP\wordpress\wp-config.php(99): require_once('C:\\xampp\\htdocs...')
#5 C:\xampp\htdocs\WP\wordpress\wp-load.php(50): require_once('C:\\xampp\\htdocs...')
#6 C:\xampp\htdocs\WP\wordpress\wp-admin\admin.php(34): require_once('C:\\xampp\\htdocs...')
#7 C:\xampp\htdocs\WP\wordpress\wp-admin\plugins.php(10): require_once('C:\\xampp\\htdocs...')
#8 {main}
  thrown, em C:\xampp\htdocs\WP\wordpress\wp-content\plugins\teste-coffee-code\custom-product-route-plugin.php, na linha 18

2023-08-09T10:20:15+00:00 CRITICAL Uncaught Error: Class "WPEmerge\Plugin" not found in C:\xampp\htdocs\WP\wordpress\wp-content\plugins\teste-coffee-code\custom-product-route-plugin.php:18
Stack trace:
#0 C:\xampp\htdocs\WP\wordpress\wp-includes\class-wp-hook.php(310): {closure}('')
#1 C:\xampp\htdocs\WP\wordpress\wp-includes\class-wp-hook.php(334): WP_Hook->apply_filters(NULL, Array)
#2 C:\xampp\htdocs\WP\wordpress\wp-includes\plugin.php(517): WP_Hook->do_action(Array)
#3 C:\xampp\htdocs\WP\wordpress\wp-settings.php(632): do_action('init')
#4 C:\xampp\htdocs\WP\wordpress\wp-config.php(99): require_once('C:\\xampp\\htdocs...')
#5 C:\xampp\htdocs\WP\wordpress\wp-load.php(50): require_once('C:\\xampp\\htdocs...')
#6 C:\xampp\htdocs\WP\wordpress\wp-blog-header.php(13): require_once('C:\\xampp\\htdocs...')
#7 C:\xampp\htdocs\WP\wordpress\index.php(17): require('C:\\xampp\\htdocs...')
#8 {main}
  thrown, em C:\xampp\htdocs\WP\wordpress\wp-content\plugins\teste-coffee-code\custom-product-route-plugin.php, na linha 18

2023-08-09T10:20:15+00:00 CRITICAL Uncaught Error: Class "WPEmerge\Plugin" not found in C:\xampp\htdocs\WP\wordpress\wp-content\plugins\teste-coffee-code\custom-product-route-plugin.php:18
Stack trace:
#0 C:\xampp\htdocs\WP\wordpress\wp-includes\class-wp-hook.php(310): {closure}('')
#1 C:\xampp\htdocs\WP\wordpress\wp-includes\class-wp-hook.php(334): WP_Hook->apply_filters(NULL, Array)
#2 C:\xampp\htdocs\WP\wordpress\wp-includes\plugin.php(517): WP_Hook->do_action(Array)
#3 C:\xampp\htdocs\WP\wordpress\wp-settings.php(632): do_action('init')
#4 C:\xampp\htdocs\WP\wordpress\wp-config.php(99): require_once('C:\\xampp\\htdocs...')
#5 C:\xampp\htdocs\WP\wordpress\wp-load.php(50): require_once('C:\\xampp\\htdocs...')
#6 C:\xampp\htdocs\WP\wordpress\wp-blog-header.php(13): require_once('C:\\xampp\\htdocs...')
#7 C:\xampp\htdocs\WP\wordpress\index.php(17): require('C:\\xampp\\htdocs...')
#8 {main}
  thrown, em C:\xampp\htdocs\WP\wordpress\wp-content\plugins\teste-coffee-code\custom-product-route-plugin.php, na linha 18

2023-08-09T10:20:19+00:00 CRITICAL Uncaught Error: Class "WPEmerge\Plugin" not found in C:\xampp\htdocs\WP\wordpress\wp-content\plugins\teste-coffee-code\custom-product-route-plugin.php:18
Stack trace:
#0 C:\xampp\htdocs\WP\wordpress\wp-includes\class-wp-hook.php(310): {closure}('')
#1 C:\xampp\htdocs\WP\wordpress\wp-includes\class-wp-hook.php(334): WP_Hook->apply_filters(NULL, Array)
#2 C:\xampp\htdocs\WP\wordpress\wp-includes\plugin.php(517): WP_Hook->do_action(Array)
#3 C:\xampp\htdocs\WP\wordpress\wp-settings.php(632): do_action('init')
#4 C:\xampp\htdocs\WP\wordpress\wp-config.php(99): require_once('C:\\xampp\\htdocs...')
#5 C:\xampp\htdocs\WP\wordpress\wp-load.php(50): require_once('C:\\xampp\\htdocs...')
#6 C:\xampp\htdocs\WP\wordpress\wp-admin\admin.php(34): require_once('C:\\xampp\\htdocs...')
#7 C:\xampp\htdocs\WP\wordpress\wp-admin\plugins.php(10): require_once('C:\\xampp\\htdocs...')
#8 {main}
  thrown, em C:\xampp\htdocs\WP\wordpress\wp-content\plugins\teste-coffee-code\custom-product-route-plugin.php, na linha 18

2023-08-09T10:24:05+00:00 CRITICAL Uncaught Error: Class "WPEmerge\Plugin" not found in C:\xampp\htdocs\WP\wordpress\wp-content\plugins\teste-coffee-code\custom-product-route-plugin.php:18
Stack trace:
#0 C:\xampp\htdocs\WP\wordpress\wp-includes\class-wp-hook.php(310): {closure}('')
#1 C:\xampp\htdocs\WP\wordpress\wp-includes\class-wp-hook.php(334): WP_Hook->apply_filters(NULL, Array)
#2 C:\xampp\htdocs\WP\wordpress\wp-includes\plugin.php(517): WP_Hook->do_action(Array)
#3 C:\xampp\htdocs\WP\wordpress\wp-settings.php(632): do_action('init')
#4 C:\xampp\htdocs\WP\wordpress\wp-config.php(99): require_once('C:\\xampp\\htdocs...')
#5 C:\xampp\htdocs\WP\wordpress\wp-load.php(50): require_once('C:\\xampp\\htdocs...')
#6 C:\xampp\htdocs\WP\wordpress\wp-blog-header.php(13): require_once('C:\\xampp\\htdocs...')
#7 C:\xampp\htdocs\WP\wordpress\index.php(17): require('C:\\xampp\\htdocs...')
#8 {main}
  thrown, em C:\xampp\htdocs\WP\wordpress\wp-content\plugins\teste-coffee-code\custom-product-route-plugin.php, na linha 18

2023-08-09T10:24:05+00:00 CRITICAL Uncaught Error: Class "WPEmerge\Plugin" not found in C:\xampp\htdocs\WP\wordpress\wp-content\plugins\teste-coffee-code\custom-product-route-plugin.php:18
Stack trace:
#0 C:\xampp\htdocs\WP\wordpress\wp-includes\class-wp-hook.php(310): {closure}('')
#1 C:\xampp\htdocs\WP\wordpress\wp-includes\class-wp-hook.php(334): WP_Hook->apply_filters(NULL, Array)
#2 C:\xampp\htdocs\WP\wordpress\wp-includes\plugin.php(517): WP_Hook->do_action(Array)
#3 C:\xampp\htdocs\WP\wordpress\wp-settings.php(632): do_action('init')
#4 C:\xampp\htdocs\WP\wordpress\wp-config.php(99): require_once('C:\\xampp\\htdocs...')
#5 C:\xampp\htdocs\WP\wordpress\wp-load.php(50): require_once('C:\\xampp\\htdocs...')
#6 C:\xampp\htdocs\WP\wordpress\wp-blog-header.php(13): require_once('C:\\xampp\\htdocs...')
#7 C:\xampp\htdocs\WP\wordpress\index.php(17): require('C:\\xampp\\htdocs...')
#8 {main}
  thrown, em C:\xampp\htdocs\WP\wordpress\wp-content\plugins\teste-coffee-code\custom-product-route-plugin.php, na linha 18

2023-08-09T10:24:10+00:00 CRITICAL Uncaught Error: Class "WPEmerge\Plugin" not found in C:\xampp\htdocs\WP\wordpress\wp-content\plugins\teste-coffee-code\custom-product-route-plugin.php:18
Stack trace:
#0 C:\xampp\htdocs\WP\wordpress\wp-includes\class-wp-hook.php(310): {closure}('')
#1 C:\xampp\htdocs\WP\wordpress\wp-includes\class-wp-hook.php(334): WP_Hook->apply_filters(NULL, Array)
#2 C:\xampp\htdocs\WP\wordpress\wp-includes\plugin.php(517): WP_Hook->do_action(Array)
#3 C:\xampp\htdocs\WP\wordpress\wp-settings.php(632): do_action('init')
#4 C:\xampp\htdocs\WP\wordpress\wp-config.php(99): require_once('C:\\xampp\\htdocs...')
#5 C:\xampp\htdocs\WP\wordpress\wp-load.php(50): require_once('C:\\xampp\\htdocs...')
#6 C:\xampp\htdocs\WP\wordpress\wp-admin\admin.php(34): require_once('C:\\xampp\\htdocs...')
#7 C:\xampp\htdocs\WP\wordpress\wp-admin\plugins.php(10): require_once('C:\\xampp\\htdocs...')
#8 {main}
  thrown, em C:\xampp\htdocs\WP\wordpress\wp-content\plugins\teste-coffee-code\custom-product-route-plugin.php, na linha 18

2023-08-09T10:24:15+00:00 CRITICAL Uncaught Error: Class "WPEmerge\Plugin" not found in C:\xampp\htdocs\WP\wordpress\wp-content\plugins\teste-coffee-code\custom-product-route-plugin.php:18
Stack trace:
#0 C:\xampp\htdocs\WP\wordpress\wp-includes\class-wp-hook.php(310): {closure}('')
#1 C:\xampp\htdocs\WP\wordpress\wp-includes\class-wp-hook.php(334): WP_Hook->apply_filters(NULL, Array)
#2 C:\xampp\htdocs\WP\wordpress\wp-includes\plugin.php(517): WP_Hook->do_action(Array)
#3 C:\xampp\htdocs\WP\wordpress\wp-settings.php(632): do_action('init')
#4 C:\xampp\htdocs\WP\wordpress\wp-config.php(99): require_once('C:\\xampp\\htdocs...')
#5 C:\xampp\htdocs\WP\wordpress\wp-load.php(50): require_once('C:\\xampp\\htdocs...')
#6 C:\xampp\htdocs\WP\wordpress\wp-admin\admin.php(34): require_once('C:\\xampp\\htdocs...')
#7 C:\xampp\htdocs\WP\wordpress\wp-admin\plugins.php(10): require_once('C:\\xampp\\htdocs...')
#8 {main}
  thrown, em C:\xampp\htdocs\WP\wordpress\wp-content\plugins\teste-coffee-code\custom-product-route-plugin.php, na linha 18

2023-08-09T10:24:27+00:00 CRITICAL Uncaught Error: Class "WPEmerge\Plugin" not found in C:\xampp\htdocs\WP\wordpress\wp-content\plugins\teste-coffee-code\custom-product-route-plugin.php:18
Stack trace:
#0 C:\xampp\htdocs\WP\wordpress\wp-includes\class-wp-hook.php(310): {closure}('')
#1 C:\xampp\htdocs\WP\wordpress\wp-includes\class-wp-hook.php(334): WP_Hook->apply_filters(NULL, Array)
#2 C:\xampp\htdocs\WP\wordpress\wp-includes\plugin.php(517): WP_Hook->do_action(Array)
#3 C:\xampp\htdocs\WP\wordpress\wp-settings.php(632): do_action('init')
#4 C:\xampp\htdocs\WP\wordpress\wp-config.php(99): require_once('C:\\xampp\\htdocs...')
#5 C:\xampp\htdocs\WP\wordpress\wp-load.php(50): require_once('C:\\xampp\\htdocs...')
#6 C:\xampp\htdocs\WP\wordpress\wp-admin\admin.php(34): require_once('C:\\xampp\\htdocs...')
#7 C:\xampp\htdocs\WP\wordpress\wp-admin\plugins.php(10): require_once('C:\\xampp\\htdocs...')
#8 {main}
  thrown, em C:\xampp\htdocs\WP\wordpress\wp-content\plugins\teste-coffee-code\custom-product-route-plugin.php, na linha 18

2023-08-09T10:44:22+00:00 CRITICAL Uncaught Error: Class "WPEmerge\Plugin" not found in C:\xampp\htdocs\WP\wordpress\wp-content\plugins\teste-coffee-code\custom-product-route-plugin.php:18
Stack trace:
#0 C:\xampp\htdocs\WP\wordpress\wp-includes\class-wp-hook.php(310): {closure}('')
#1 C:\xampp\htdocs\WP\wordpress\wp-includes\class-wp-hook.php(334): WP_Hook->apply_filters(NULL, Array)
#2 C:\xampp\htdocs\WP\wordpress\wp-includes\plugin.php(517): WP_Hook->do_action(Array)
#3 C:\xampp\htdocs\WP\wordpress\wp-settings.php(632): do_action('init')
#4 C:\xampp\htdocs\WP\wordpress\wp-config.php(99): require_once('C:\\xampp\\htdocs...')
#5 C:\xampp\htdocs\WP\wordpress\wp-load.php(50): require_once('C:\\xampp\\htdocs...')
#6 C:\xampp\htdocs\WP\wordpress\wp-admin\admin.php(34): require_once('C:\\xampp\\htdocs...')
#7 C:\xampp\htdocs\WP\wordpress\wp-admin\plugins.php(10): require_once('C:\\xampp\\htdocs...')
#8 {main}
  thrown, em C:\xampp\htdocs\WP\wordpress\wp-content\plugins\teste-coffee-code\custom-product-route-plugin.php, na linha 18

2023-08-09T10:44:26+00:00 CRITICAL Uncaught Error: Class "WPEmerge\Plugin" not found in C:\xampp\htdocs\WP\wordpress\wp-content\plugins\teste-coffee-code\custom-product-route-plugin.php:18
Stack trace:
#0 C:\xampp\htdocs\WP\wordpress\wp-includes\class-wp-hook.php(310): {closure}('')
#1 C:\xampp\htdocs\WP\wordpress\wp-includes\class-wp-hook.php(334): WP_Hook->apply_filters(NULL, Array)
#2 C:\xampp\htdocs\WP\wordpress\wp-includes\plugin.php(517): WP_Hook->do_action(Array)
#3 C:\xampp\htdocs\WP\wordpress\wp-settings.php(632): do_action('init')
#4 C:\xampp\htdocs\WP\wordpress\wp-config.php(99): require_once('C:\\xampp\\htdocs...')
#5 C:\xampp\htdocs\WP\wordpress\wp-load.php(50): require_once('C:\\xampp\\htdocs...')
#6 C:\xampp\htdocs\WP\wordpress\wp-admin\admin.php(34): require_once('C:\\xampp\\htdocs...')
#7 C:\xampp\htdocs\WP\wordpress\wp-admin\plugins.php(10): require_once('C:\\xampp\\htdocs...')
#8 {main}
  thrown, em C:\xampp\htdocs\WP\wordpress\wp-content\plugins\teste-coffee-code\custom-product-route-plugin.php, na linha 18

2023-08-09T10:44:29+00:00 CRITICAL Uncaught Error: Class "WPEmerge\Plugin" not found in C:\xampp\htdocs\WP\wordpress\wp-content\plugins\teste-coffee-code\custom-product-route-plugin.php:18
Stack trace:
#0 C:\xampp\htdocs\WP\wordpress\wp-includes\class-wp-hook.php(310): {closure}('')
#1 C:\xampp\htdocs\WP\wordpress\wp-includes\class-wp-hook.php(334): WP_Hook->apply_filters(NULL, Array)
#2 C:\xampp\htdocs\WP\wordpress\wp-includes\plugin.php(517): WP_Hook->do_action(Array)
#3 C:\xampp\htdocs\WP\wordpress\wp-settings.php(632): do_action('init')
#4 C:\xampp\htdocs\WP\wordpress\wp-config.php(99): require_once('C:\\xampp\\htdocs...')
#5 C:\xampp\htdocs\WP\wordpress\wp-load.php(50): require_once('C:\\xampp\\htdocs...')
#6 C:\xampp\htdocs\WP\wordpress\wp-admin\admin.php(34): require_once('C:\\xampp\\htdocs...')
#7 C:\xampp\htdocs\WP\wordpress\wp-admin\plugins.php(10): require_once('C:\\xampp\\htdocs...')
#8 {main}
  thrown, em C:\xampp\htdocs\WP\wordpress\wp-content\plugins\teste-coffee-code\custom-product-route-plugin.php, na linha 18

2023-08-09T10:44:39+00:00 CRITICAL Uncaught Error: Class "WPEmerge\Plugin" not found in C:\xampp\htdocs\WP\wordpress\wp-content\plugins\teste-coffee-code\custom-product-route-plugin.php:18
Stack trace:
#0 C:\xampp\htdocs\WP\wordpress\wp-includes\class-wp-hook.php(310): {closure}('')
#1 C:\xampp\htdocs\WP\wordpress\wp-includes\class-wp-hook.php(334): WP_Hook->apply_filters(NULL, Array)
#2 C:\xampp\htdocs\WP\wordpress\wp-includes\plugin.php(517): WP_Hook->do_action(Array)
#3 C:\xampp\htdocs\WP\wordpress\wp-settings.php(632): do_action('init')
#4 C:\xampp\htdocs\WP\wordpress\wp-config.php(99): require_once('C:\\xampp\\htdocs...')
#5 C:\xampp\htdocs\WP\wordpress\wp-load.php(50): require_once('C:\\xampp\\htdocs...')
#6 C:\xampp\htdocs\WP\wordpress\wp-admin\admin.php(34): require_once('C:\\xampp\\htdocs...')
#7 C:\xampp\htdocs\WP\wordpress\wp-admin\plugins.php(10): require_once('C:\\xampp\\htdocs...')
#8 {main}
  thrown, em C:\xampp\htdocs\WP\wordpress\wp-content\plugins\teste-coffee-code\custom-product-route-plugin.php, na linha 18

2023-08-09T10:44:42+00:00 CRITICAL Uncaught Error: Class "WPEmerge\Plugin" not found in C:\xampp\htdocs\WP\wordpress\wp-content\plugins\teste-coffee-code\custom-product-route-plugin.php:18
Stack trace:
#0 C:\xampp\htdocs\WP\wordpress\wp-includes\class-wp-hook.php(310): {closure}('')
#1 C:\xampp\htdocs\WP\wordpress\wp-includes\class-wp-hook.php(334): WP_Hook->apply_filters(NULL, Array)
#2 C:\xampp\htdocs\WP\wordpress\wp-includes\plugin.php(517): WP_Hook->do_action(Array)
#3 C:\xampp\htdocs\WP\wordpress\wp-settings.php(632): do_action('init')
#4 C:\xampp\htdocs\WP\wordpress\wp-config.php(99): require_once('C:\\xampp\\htdocs...')
#5 C:\xampp\htdocs\WP\wordpress\wp-load.php(50): require_once('C:\\xampp\\htdocs...')
#6 C:\xampp\htdocs\WP\wordpress\wp-admin\admin.php(34): require_once('C:\\xampp\\htdocs...')
#7 C:\xampp\htdocs\WP\wordpress\wp-admin\plugins.php(10): require_once('C:\\xampp\\htdocs...')
#8 {main}
  thrown, em C:\xampp\htdocs\WP\wordpress\wp-content\plugins\teste-coffee-code\custom-product-route-plugin.php, na linha 18

2023-08-09T10:44:46+00:00 CRITICAL Uncaught Error: Class "WPEmerge\Plugin" not found in C:\xampp\htdocs\WP\wordpress\wp-content\plugins\teste-coffee-code\custom-product-route-plugin.php:18
Stack trace:
#0 C:\xampp\htdocs\WP\wordpress\wp-includes\class-wp-hook.php(310): {closure}('')
#1 C:\xampp\htdocs\WP\wordpress\wp-includes\class-wp-hook.php(334): WP_Hook->apply_filters(NULL, Array)
#2 C:\xampp\htdocs\WP\wordpress\wp-includes\plugin.php(517): WP_Hook->do_action(Array)
#3 C:\xampp\htdocs\WP\wordpress\wp-settings.php(632): do_action('init')
#4 C:\xampp\htdocs\WP\wordpress\wp-config.php(99): require_once('C:\\xampp\\htdocs...')
#5 C:\xampp\htdocs\WP\wordpress\wp-load.php(50): require_once('C:\\xampp\\htdocs...')
#6 C:\xampp\htdocs\WP\wordpress\wp-admin\admin.php(34): require_once('C:\\xampp\\htdocs...')
#7 C:\xampp\htdocs\WP\wordpress\wp-admin\plugins.php(10): require_once('C:\\xampp\\htdocs...')
#8 {main}
  thrown, em C:\xampp\htdocs\WP\wordpress\wp-content\plugins\teste-coffee-code\custom-product-route-plugin.php, na linha 18

2023-08-09T10:46:04+00:00 CRITICAL Uncaught Error: Class "WPEmerge\Plugin" not found in C:\xampp\htdocs\WP\wordpress\wp-content\plugins\teste-coffee-code\teste-coffee-code.php:18
Stack trace:
#0 C:\xampp\htdocs\WP\wordpress\wp-includes\class-wp-hook.php(310): {closure}('')
#1 C:\xampp\htdocs\WP\wordpress\wp-includes\class-wp-hook.php(334): WP_Hook->apply_filters(NULL, Array)
#2 C:\xampp\htdocs\WP\wordpress\wp-includes\plugin.php(517): WP_Hook->do_action(Array)
#3 C:\xampp\htdocs\WP\wordpress\wp-settings.php(632): do_action('init')
#4 C:\xampp\htdocs\WP\wordpress\wp-config.php(99): require_once('C:\\xampp\\htdocs...')
#5 C:\xampp\htdocs\WP\wordpress\wp-load.php(50): require_once('C:\\xampp\\htdocs...')
#6 C:\xampp\htdocs\WP\wordpress\wp-admin\admin.php(34): require_once('C:\\xampp\\htdocs...')
#7 C:\xampp\htdocs\WP\wordpress\wp-admin\plugins.php(10): require_once('C:\\xampp\\htdocs...')
#8 {main}
  thrown, em C:\xampp\htdocs\WP\wordpress\wp-content\plugins\teste-coffee-code\teste-coffee-code.php, na linha 18

2023-08-09T10:47:01+00:00 CRITICAL Uncaught Error: Class "WPEmerge\Plugin" not found in C:\xampp\htdocs\WP\wordpress\wp-content\plugins\teste-coffee-code\teste-coffee-code.php:18
Stack trace:
#0 C:\xampp\htdocs\WP\wordpress\wp-includes\class-wp-hook.php(310): {closure}('')
#1 C:\xampp\htdocs\WP\wordpress\wp-includes\class-wp-hook.php(334): WP_Hook->apply_filters(NULL, Array)
#2 C:\xampp\htdocs\WP\wordpress\wp-includes\plugin.php(517): WP_Hook->do_action(Array)
#3 C:\xampp\htdocs\WP\wordpress\wp-settings.php(632): do_action('init')
#4 C:\xampp\htdocs\WP\wordpress\wp-config.php(99): require_once('C:\\xampp\\htdocs...')
#5 C:\xampp\htdocs\WP\wordpress\wp-load.php(50): require_once('C:\\xampp\\htdocs...')
#6 C:\xampp\htdocs\WP\wordpress\wp-admin\admin.php(34): require_once('C:\\xampp\\htdocs...')
#7 C:\xampp\htdocs\WP\wordpress\wp-admin\plugins.php(10): require_once('C:\\xampp\\htdocs...')
#8 {main}
  thrown, em C:\xampp\htdocs\WP\wordpress\wp-content\plugins\teste-coffee-code\teste-coffee-code.php, na linha 18

2023-08-09T10:47:06+00:00 CRITICAL Uncaught Error: Class "WPEmerge\Plugin" not found in C:\xampp\htdocs\WP\wordpress\wp-content\plugins\teste-coffee-code\teste-coffee-code.php:18
Stack trace:
#0 C:\xampp\htdocs\WP\wordpress\wp-includes\class-wp-hook.php(310): {closure}('')
#1 C:\xampp\htdocs\WP\wordpress\wp-includes\class-wp-hook.php(334): WP_Hook->apply_filters(NULL, Array)
#2 C:\xampp\htdocs\WP\wordpress\wp-includes\plugin.php(517): WP_Hook->do_action(Array)
#3 C:\xampp\htdocs\WP\wordpress\wp-settings.php(632): do_action('init')
#4 C:\xampp\htdocs\WP\wordpress\wp-config.php(99): require_once('C:\\xampp\\htdocs...')
#5 C:\xampp\htdocs\WP\wordpress\wp-load.php(50): require_once('C:\\xampp\\htdocs...')
#6 C:\xampp\htdocs\WP\wordpress\wp-admin\admin.php(34): require_once('C:\\xampp\\htdocs...')
#7 C:\xampp\htdocs\WP\wordpress\wp-admin\plugins.php(10): require_once('C:\\xampp\\htdocs...')
#8 {main}
  thrown, em C:\xampp\htdocs\WP\wordpress\wp-content\plugins\teste-coffee-code\teste-coffee-code.php, na linha 18

