2023-08-07T20:23:33+00:00 ERROR Spec is invalid because the id is missing in feed
2023-08-07T20:23:33+00:00 ERROR stdClass Object
(
    [name] => ShipStation
    [slug] => woocommerce-shipstation-integration
    [description] => Solução poderosa e fácil de usar:
    [layout_column] => stdClass Object
        (
            [image] => https://woocommerce.com/wp-content/plugins/wccom-plugins/shipping-partner-suggestions/images/shipstation-column.svg
            [features] => Array
                (
                    [0] => stdClass Object
                        (
                            [icon] => https://woocommerce.com/wp-content/plugins/wccom-plugins/shipping-partner-suggestions/images/timer.svg
                            [title] => Save time
                            [description] => Automatically import order information to quickly print your labels.
                        )

                    [1] => stdClass Object
                        (
                            [icon] => https://woocommerce.com/wp-content/plugins/wccom-plugins/shipping-partner-suggestions/images/discount.svg
                            [title] => Save money
                            [description] => Shop for the best shipping rates, and access pre-negotiated discounted rates.
                        )

                    [2] => stdClass Object
                        (
                            [icon] => https://woocommerce.com/wp-content/plugins/wccom-plugins/shipping-partner-suggestions/images/star.svg
                            [title] => Impressione seus clientes
                            [description] => Keep your customers informed with tracking notifications.
                        )

                )

        )

    [layout_row] => stdClass Object
        (
            [image] => https://woocommerce.com/wp-content/plugins/wccom-plugins/shipping-partner-suggestions/images/shipstation-row.svg
            [features] => Array
                (
                    [0] => stdClass Object
                        (
                            [icon] => https://woocommerce.com/wp-content/plugins/wccom-plugins/shipping-partner-suggestions/images/check.svg
                            [description] => Print labels from Royal Mail, Parcel Force, DPD, and many more
                        )

                    [1] => stdClass Object
                        (
                            [icon] => https://woocommerce.com/wp-content/plugins/wccom-plugins/shipping-partner-suggestions/images/check.svg
                            [description] => Shop for the best rates, in real-time
                        )

                    [2] => stdClass Object
                        (
                            [icon] => https://woocommerce.com/wp-content/plugins/wccom-plugins/shipping-partner-suggestions/images/check.svg
                            [description] => Connect selling channels easily
                        )

                    [3] => stdClass Object
                        (
                            [icon] => https://woocommerce.com/wp-content/plugins/wccom-plugins/shipping-partner-suggestions/images/check.svg
                            [description] => Advance automated workflows
                        )

                    [4] => stdClass Object
                        (
                            [icon] => https://woocommerce.com/wp-content/plugins/wccom-plugins/shipping-partner-suggestions/images/check.svg
                            [description] => 30-days free trial
                        )

                )

        )

    [learn_more_link] => https://wordpress.org/plugins/woocommerce-shipstation-integration/
    [is_visible] => Array
        (
            [0] => stdClass Object
                (
                    [type] => or
                    [operands] => Array
                        (
                            [0] => stdClass Object
                                (
                                    [type] => base_location_country
                                    [value] => AU
                                    [operation] => =
                                )

                            [1] => stdClass Object
                                (
                                    [type] => base_location_country
                                    [value] => CA
                                    [operation] => =
                                )

                            [2] => stdClass Object
                                (
                                    [type] => base_location_country
                                    [value] => GB
                                    [operation] => =
                                )

                        )

                )

        )

    [available_layouts] => Array
        (
            [0] => row
            [1] => column
        )

)

2023-08-07T20:23:33+00:00 ERROR Spec is invalid because the id is missing in feed
2023-08-07T20:23:33+00:00 ERROR stdClass Object
(
    [name] => Skydropx
    [slug] => skydropx-cotizador-y-envios
    [layout_column] => stdClass Object
        (
            [image] => https://woocommerce.com/wp-content/plugins/wccom-plugins/shipping-partner-suggestions/images/skydropx-column.svg
            [features] => Array
                (
                    [0] => stdClass Object
                        (
                            [icon] => https://woocommerce.com/wp-content/plugins/wccom-plugins/shipping-partner-suggestions/images/timer.svg
                            [title] => Save time
                            [description] => Automatically import order information to quickly print your labels.
                        )

                    [1] => stdClass Object
                        (
                            [icon] => https://woocommerce.com/wp-content/plugins/wccom-plugins/shipping-partner-suggestions/images/discount.svg
                            [title] => Save money
                            [description] => Shop for the best shipping rates, and access pre-negotiated discounted rates.
                        )

                    [2] => stdClass Object
                        (
                            [icon] => https://woocommerce.com/wp-content/plugins/wccom-plugins/shipping-partner-suggestions/images/star.svg
                            [title] => Impressione seus clientes
                            [description] => Keep your customers informed with tracking notifications.
                        )

                )

        )

    [description] => 
    [learn_more_link] => https://wordpress.org/plugins/skydropx-cotizador-y-envios/
    [is_visible] => Array
        (
            [0] => stdClass Object
                (
                    [type] => or
                    [operands] => Array
                        (
                            [0] => stdClass Object
                                (
                                    [type] => base_location_country
                                    [value] => MX
                                    [operation] => =
                                )

                            [1] => stdClass Object
                                (
                                    [type] => base_location_country
                                    [value] => CO
                                    [operation] => =
                                )

                        )

                )

        )

    [available_layouts] => Array
        (
            [0] => column
        )

)

2023-08-07T20:23:33+00:00 ERROR Spec is invalid because the id is missing in feed
2023-08-07T20:23:33+00:00 ERROR stdClass Object
(
    [name] => Envia
    [slug] => 
    [description] => 
    [layout_column] => stdClass Object
        (
            [image] => https://woocommerce.com/wp-content/plugins/wccom-plugins/shipping-partner-suggestions/images/envia-column.svg
            [features] => Array
                (
                    [0] => stdClass Object
                        (
                            [icon] => https://woocommerce.com/wp-content/plugins/wccom-plugins/shipping-partner-suggestions/images/timer.svg
                            [title] => Save time
                            [description] => Automatically import order information to quickly print your labels.
                        )

                    [1] => stdClass Object
                        (
                            [icon] => https://woocommerce.com/wp-content/plugins/wccom-plugins/shipping-partner-suggestions/images/discount.svg
                            [title] => Save money
                            [description] => Shop for the best shipping rates, and access pre-negotiated discounted rates.
                        )

                    [2] => stdClass Object
                        (
                            [icon] => https://woocommerce.com/wp-content/plugins/wccom-plugins/shipping-partner-suggestions/images/star.svg
                            [title] => Impressione seus clientes
                            [description] => Keep your customers informed with tracking notifications.
                        )

                )

        )

    [learn_more_link] => https://woocommerce.com/products/envia-shipping-and-fulfillment/
    [is_visible] => Array
        (
            [0] => stdClass Object
                (
                    [type] => or
                    [operands] => Array
                        (
                            [0] => stdClass Object
                                (
                                    [type] => base_location_country
                                    [value] => CL
                                    [operation] => =
                                )

                            [1] => stdClass Object
                                (
                                    [type] => base_location_country
                                    [value] => AR
                                    [operation] => =
                                )

                            [2] => stdClass Object
                                (
                                    [type] => base_location_country
                                    [value] => PE
                                    [operation] => =
                                )

                            [3] => stdClass Object
                                (
                                    [type] => base_location_country
                                    [value] => BR
                                    [operation] => =
                                )

                            [4] => stdClass Object
                                (
                                    [type] => base_location_country
                                    [value] => UY
                                    [operation] => =
                                )

                            [5] => stdClass Object
                                (
                                    [type] => base_location_country
                                    [value] => GT
                                    [operation] => =
                                )

                        )

                )

        )

    [available_layouts] => Array
        (
            [0] => column
        )

)

2023-08-07T20:23:33+00:00 ERROR Spec is invalid because the id is missing in feed
2023-08-07T20:23:33+00:00 ERROR stdClass Object
(
    [name] => Sendcloud
    [slug] => sendcloud-shipping
    [description] => All-in-one shipping tool:
    [layout_column] => stdClass Object
        (
            [image] => https://woocommerce.com/wp-content/plugins/wccom-plugins/shipping-partner-suggestions/images/sendcloud-column.svg
            [features] => Array
                (
                    [0] => stdClass Object
                        (
                            [icon] => https://woocommerce.com/wp-content/plugins/wccom-plugins/shipping-partner-suggestions/images/timer.svg
                            [title] => Save time
                            [description] => Automatically import order information to quickly print your labels.
                        )

                    [1] => stdClass Object
                        (
                            [icon] => https://woocommerce.com/wp-content/plugins/wccom-plugins/shipping-partner-suggestions/images/discount.svg
                            [title] => Save money
                            [description] => Shop for the best shipping rates, and access pre-negotiated discounted rates.
                        )

                    [2] => stdClass Object
                        (
                            [icon] => https://woocommerce.com/wp-content/plugins/wccom-plugins/shipping-partner-suggestions/images/star.svg
                            [title] => Impressione seus clientes
                            [description] => Keep your customers informed with tracking notifications.
                        )

                )

        )

    [layout_row] => stdClass Object
        (
            [image] => https://woocommerce.com/wp-content/plugins/wccom-plugins/shipping-partner-suggestions/images/sendcloud-row.svg
            [features] => Array
                (
                    [0] => stdClass Object
                        (
                            [icon] => https://woocommerce.com/wp-content/plugins/wccom-plugins/shipping-partner-suggestions/images/check.svg
                            [description] => Print labels from 80+ carriers
                        )

                    [1] => stdClass Object
                        (
                            [icon] => https://woocommerce.com/wp-content/plugins/wccom-plugins/shipping-partner-suggestions/images/check.svg
                            [description] => Process orders in just a few clicks
                        )

                    [2] => stdClass Object
                        (
                            [icon] => https://woocommerce.com/wp-content/plugins/wccom-plugins/shipping-partner-suggestions/images/check.svg
                            [description] => Customize checkout options
                        )

                    [3] => stdClass Object
                        (
                            [icon] => https://woocommerce.com/wp-content/plugins/wccom-plugins/shipping-partner-suggestions/images/check.svg
                            [description] => Self-service tracking & returns
                        )

                    [4] => stdClass Object
                        (
                            [icon] => https://woocommerce.com/wp-content/plugins/wccom-plugins/shipping-partner-suggestions/images/check.svg
                            [description] => Start with a free plan
                        )

                )

        )

    [learn_more_link] => https://wordpress.org/plugins/sendcloud-shipping/
    [is_visible] => Array
        (
            [0] => stdClass Object
                (
                    [type] => or
                    [operands] => Array
                        (
                            [0] => stdClass Object
                                (
                                    [type] => base_location_country
                                    [value] => NL
                                    [operation] => =
                                )

                            [1] => stdClass Object
                                (
                                    [type] => base_location_country
                                    [value] => AT
                                    [operation] => =
                                )

                            [2] => stdClass Object
                                (
                                    [type] => base_location_country
                                    [value] => BE
                                    [operation] => =
                                )

                            [3] => stdClass Object
                                (
                                    [type] => base_location_country
                                    [value] => FR
                                    [operation] => =
                                )

                            [4] => stdClass Object
                                (
                                    [type] => base_location_country
                                    [value] => DE
                                    [operation] => =
                                )

                            [5] => stdClass Object
                                (
                                    [type] => base_location_country
                                    [value] => ES
                                    [operation] => =
                                )

                            [6] => stdClass Object
                                (
                                    [type] => base_location_country
                                    [value] => GB
                                    [operation] => =
                                )

                            [7] => stdClass Object
                                (
                                    [type] => base_location_country
                                    [value] => IT
                                    [operation] => =
                                )

                        )

                )

        )

    [available_layouts] => Array
        (
            [0] => row
            [1] => column
        )

)

2023-08-07T20:23:33+00:00 ERROR Spec is invalid because the id is missing in feed
2023-08-07T20:23:33+00:00 ERROR stdClass Object
(
    [name] => Packlink
    [slug] => packlink-pro-shipping
    [description] => Optimize your full shipping process:
    [layout_column] => stdClass Object
        (
            [image] => https://woocommerce.com/wp-content/plugins/wccom-plugins/shipping-partner-suggestions/images/packlink-column.svg
            [features] => Array
                (
                    [0] => stdClass Object
                        (
                            [icon] => https://woocommerce.com/wp-content/plugins/wccom-plugins/shipping-partner-suggestions/images/timer.svg
                            [title] => Save time
                            [description] => Automatically import order information to quickly print your labels.
                        )

                    [1] => stdClass Object
                        (
                            [icon] => https://woocommerce.com/wp-content/plugins/wccom-plugins/shipping-partner-suggestions/images/discount.svg
                            [title] => Save money
                            [description] => Shop for the best shipping rates, and access pre-negotiated discounted rates.
                        )

                    [2] => stdClass Object
                        (
                            [icon] => https://woocommerce.com/wp-content/plugins/wccom-plugins/shipping-partner-suggestions/images/star.svg
                            [title] => Impressione seus clientes
                            [description] => Keep your customers informed with tracking notifications.
                        )

                )

        )

    [layout_row] => stdClass Object
        (
            [image] => https://woocommerce.com/wp-content/plugins/wccom-plugins/shipping-partner-suggestions/images/packlink-row.svg
            [features] => Array
                (
                    [0] => stdClass Object
                        (
                            [icon] => https://woocommerce.com/wp-content/plugins/wccom-plugins/shipping-partner-suggestions/images/check.svg
                            [description] => Automated, real-time order import
                        )

                    [1] => stdClass Object
                        (
                            [icon] => https://woocommerce.com/wp-content/plugins/wccom-plugins/shipping-partner-suggestions/images/check.svg
                            [description] => Direct access to leading carriers
                        )

                    [2] => stdClass Object
                        (
                            [icon] => https://woocommerce.com/wp-content/plugins/wccom-plugins/shipping-partner-suggestions/images/check.svg
                            [description] => Access competitive shipping prices
                        )

                    [3] => stdClass Object
                        (
                            [icon] => https://woocommerce.com/wp-content/plugins/wccom-plugins/shipping-partner-suggestions/images/check.svg
                            [description] => Imprima etiquetas em massa rapidamente
                        )

                    [4] => stdClass Object
                        (
                            [icon] => https://woocommerce.com/wp-content/plugins/wccom-plugins/shipping-partner-suggestions/images/check.svg
                            [description] => Free shipping platform
                        )

                )

        )

    [learn_more_link] => https://wordpress.org/plugins/packlink-pro-shipping/
    [is_visible] => Array
        (
            [0] => stdClass Object
                (
                    [type] => or
                    [operands] => Array
                        (
                            [0] => stdClass Object
                                (
                                    [type] => base_location_country
                                    [value] => FR
                                    [operation] => =
                                )

                            [1] => stdClass Object
                                (
                                    [type] => base_location_country
                                    [value] => DE
                                    [operation] => =
                                )

                            [2] => stdClass Object
                                (
                                    [type] => base_location_country
                                    [value] => ES
                                    [operation] => =
                                )

                            [3] => stdClass Object
                                (
                                    [type] => base_location_country
                                    [value] => IT
                                    [operation] => =
                                )

                        )

                )

        )

    [available_layouts] => Array
        (
            [0] => row
            [1] => column
        )

)

2023-08-07T20:23:33+00:00 ERROR Spec is invalid because the id is missing in feed
2023-08-07T20:23:33+00:00 ERROR stdClass Object
(
    [name] => WooCommerce Shipping
    [slug] => woocommerce-services
    [description] => Save time and money by printing your shipping labels right from your computer with WooCommerce Shipping. Try WooCommerce Shipping for free.
    [layout_column] => stdClass Object
        (
            [image] => https://woocommerce.com/wp-content/plugins/wccom-plugins/shipping-partner-suggestions/images/wcs-column.svg
            [features] => Array
                (
                    [0] => stdClass Object
                        (
                            [icon] => https://woocommerce.com/wp-content/plugins/wccom-plugins/shipping-partner-suggestions/images/printer.svg
                            [title] => Buy postage when you need it
                            [description] => No need to wonder where that stampbook went.
                        )

                    [1] => stdClass Object
                        (
                            [icon] => https://woocommerce.com/wp-content/plugins/wccom-plugins/shipping-partner-suggestions/images/paper.svg
                            [title] => Print at home
                            [description] => Pick up an order, then just pay, print, package and post.
                        )

                    [2] => stdClass Object
                        (
                            [icon] => https://woocommerce.com/wp-content/plugins/wccom-plugins/shipping-partner-suggestions/images/discount.svg
                            [title] => Discounted rates
                            [description] => Access discounted shipping rates with DHL and USPS.
                        )

                )

        )

    [learn_more_link] => https://woocommerce.com/products/shipping/
    [is_visible] => Array
        (
            [0] => stdClass Object
                (
                    [type] => or
                    [operands] => Array
                        (
                            [0] => stdClass Object
                                (
                                    [type] => base_location_country
                                    [value] => US
                                    [operation] => =
                                )

                        )

                )

        )

    [available_layouts] => Array
        (
            [0] => column
        )

)

